<?xml version="1.0" encoding="UTF-8"?>
<testsuite name="com.library.java_library_management.repository.DatabaseRepositoryTest" tests="1" skipped="0" failures="0" errors="0" timestamp="2023-09-26T05:52:05" hostname="DLSWNS" time="1.39">
  <properties/>
  <testcase name="missingBook()" classname="com.library.java_library_management.repository.DatabaseRepositoryTest" time="1.39"/>
  <system-out><![CDATA[14:52:03.304 [Test worker] INFO org.springframework.test.context.support.AnnotationConfigContextLoaderUtils -- Could not detect default configuration classes for test class [com.library.java_library_management.repository.DatabaseRepositoryTest]: DatabaseRepositoryTest does not declare any static, non-private, non-final, nested classes annotated with @Configuration.
14:52:03.506 [Test worker] INFO org.springframework.boot.test.context.SpringBootTestContextBootstrapper -- Found @SpringBootConfiguration com.library.java_library_management.JavaLibraryManagementApplication for test class com.library.java_library_management.repository.DatabaseRepositoryTest

  .   ____          _            __ _ _
 /\\ / ___'_ __ _ _(_)_ __  __ _ \ \ \ \
( ( )\___ | '_ | '_| | '_ \/ _` | \ \ \ \
 \\/  ___)| |_)| | | | | || (_| |  ) ) ) )
  '  |____| .__|_| |_|_| |_\__, | / / / /
 =========|_|==============|___/=/_/_/_/
 :: Spring Boot ::                (v3.1.4)

2023-09-26T14:52:04.308+09:00  INFO 11528 --- [    Test worker] c.l.j.repository.DatabaseRepositoryTest  : Starting DatabaseRepositoryTest using Java 17.0.6 with PID 11528 (started by dlswn in D:\Users\java_library_management)
2023-09-26T14:52:04.311+09:00  INFO 11528 --- [    Test worker] c.l.j.repository.DatabaseRepositoryTest  : No active profile set, falling back to 1 default profile: "default"
2023-09-26T14:52:05.135+09:00  INFO 11528 --- [    Test worker] c.l.j.repository.DatabaseRepositoryTest  : Started DatabaseRepositoryTest in 1.292 seconds (process running for 3.304)
]]></system-out>
  <system-err><![CDATA[]]></system-err>
</testsuite>
