<?xml version="1.0" encoding="UTF-8"?>
<testsuite name="com.library.java_library_management.repository.DatabaseRepositoryTest" tests="4" skipped="0" failures="0" errors="0" timestamp="2023-09-26T08:10:26" hostname="DLSWNS" time="0.017">
  <properties/>
  <testcase name="registerBook()" classname="com.library.java_library_management.repository.DatabaseRepositoryTest" time="0.007"/>
  <testcase name="rentBook()" classname="com.library.java_library_management.repository.DatabaseRepositoryTest" time="0.002"/>
  <testcase name="도서 분실 처리 성공 실패 테스트" classname="com.library.java_library_management.repository.DatabaseRepositoryTest" time="0.001"/>
  <testcase name="deleteById()" classname="com.library.java_library_management.repository.DatabaseRepositoryTest" time="0.002"/>
  <system-out><![CDATA[2023-09-26T17:10:26.126+09:00  INFO 7040 --- [    Test worker] t.c.s.AnnotationConfigContextLoaderUtils : Could not detect default configuration classes for test class [com.library.java_library_management.repository.DatabaseRepositoryTest]: DatabaseRepositoryTest does not declare any static, non-private, non-final, nested classes annotated with @Configuration.
2023-09-26T17:10:26.140+09:00  INFO 7040 --- [    Test worker] .b.t.c.SpringBootTestContextBootstrapper : Found @SpringBootConfiguration com.library.java_library_management.JavaLibraryManagementApplication for test class com.library.java_library_management.repository.DatabaseRepositoryTest
]]></system-out>
  <system-err><![CDATA[]]></system-err>
</testsuite>
