<?xml version="1.0" encoding="UTF-8"?>
<testsuite name="com.library.java_library_management.JavaLibraryManagementApplicationTests" tests="1" skipped="0" failures="0" errors="0" timestamp="2023-09-26T08:10:25" hostname="DLSWNS" time="0.727">
  <properties/>
  <testcase name="contextLoads()" classname="com.library.java_library_management.JavaLibraryManagementApplicationTests" time="0.727"/>
  <system-out><![CDATA[17:10:24.484 [Test worker] INFO org.springframework.test.context.support.AnnotationConfigContextLoaderUtils -- Could not detect default configuration classes for test class [com.library.java_library_management.JavaLibraryManagementApplicationTests]: JavaLibraryManagementApplicationTests does not declare any static, non-private, non-final, nested classes annotated with @Configuration.
17:10:24.589 [Test worker] INFO org.springframework.boot.test.context.SpringBootTestContextBootstrapper -- Found @SpringBootConfiguration com.library.java_library_management.JavaLibraryManagementApplication for test class com.library.java_library_management.JavaLibraryManagementApplicationTests

  .   ____          _            __ _ _
 /\\ / ___'_ __ _ _(_)_ __  __ _ \ \ \ \
( ( )\___ | '_ | '_| | '_ \/ _` | \ \ \ \
 \\/  ___)| |_)| | | | | || (_| |  ) ) ) )
  '  |____| .__|_| |_|_| |_\__, | / / / /
 =========|_|==============|___/=/_/_/_/
 :: Spring Boot ::                (v3.1.4)

2023-09-26T17:10:24.958+09:00  INFO 7040 --- [    Test worker] .j.JavaLibraryManagementApplicationTests : Starting JavaLibraryManagementApplicationTests using Java 17.0.6 with PID 7040 (started by dlswn in D:\Users\java_library_management)
2023-09-26T17:10:24.959+09:00  INFO 7040 --- [    Test worker] .j.JavaLibraryManagementApplicationTests : No active profile set, falling back to 1 default profile: "default"
2023-09-26T17:10:25.382+09:00  INFO 7040 --- [    Test worker] .j.JavaLibraryManagementApplicationTests : Started JavaLibraryManagementApplicationTests in 0.637 seconds (process running for 1.692)
]]></system-out>
  <system-err><![CDATA[]]></system-err>
</testsuite>
